[34m@shopify/hydrogen-ui:build[0m: cache hit, replaying output [2m696b5e19422d1b57[0m
[34m@shopify/hydrogen-ui:build: [0m$ yarn build:vite && yarn build:ts
[34m@shopify/hydrogen-ui:build: [0m$ vite build
[34m@shopify/hydrogen-ui:build: [0mvite v2.9.12 building for production...
[34m@shopify/hydrogen-ui:build: [0mtransforming...
[34m@shopify/hydrogen-ui:build: [0m✓ 6 modules transformed.
[34m@shopify/hydrogen-ui:build: [0mGenerated an empty chunk: "index.client"
[34m@shopify/hydrogen-ui:build: [0mGenerated an empty chunk: "index.server"
[34m@shopify/hydrogen-ui:build: [0mrendering chunks...
[34m@shopify/hydrogen-ui:build: [0mdist/index.client.js                  0.00 KiB / gzip: 0.02 KiB
[34m@shopify/hydrogen-ui:build: [0mdist/index.client.js.map              0.09 KiB
[34m@shopify/hydrogen-ui:build: [0mdist/index.server.js                  0.00 KiB / gzip: 0.02 KiB
[34m@shopify/hydrogen-ui:build: [0mdist/index.server.js.map              0.09 KiB
[34m@shopify/hydrogen-ui:build: [0mdist/index.shared.js                  0.11 KiB / gzip: 0.07 KiB
[34m@shopify/hydrogen-ui:build: [0mdist/index.shared.js.map              0.10 KiB
[34m@shopify/hydrogen-ui:build: [0mdist/ExternalVideo/ExternalVideo.js   1.31 KiB / gzip: 0.57 KiB
[34m@shopify/hydrogen-ui:build: [0mdist/ExternalVideo/ExternalVideo.js.map 4.59 KiB
[34m@shopify/hydrogen-ui:build: [0mdist/Video/Video.js                   1.01 KiB / gzip: 0.46 KiB
[34m@shopify/hydrogen-ui:build: [0mdist/Video/Video.js.map               2.58 KiB
[34m@shopify/hydrogen-ui:build: [0mdist/Image/image_size.js              1.63 KiB / gzip: 0.66 KiB
[34m@shopify/hydrogen-ui:build: [0mdist/Image/image_size.js.map          5.00 KiB
[34m@shopify/hydrogen-ui:build: [0m$ run-p build:tsc copy-storefront-types
[34m@shopify/hydrogen-ui:build: [0m$ cpy ./src/storefront-api-types.d.ts ./dist/ --flat
[34m@shopify/hydrogen-ui:build: [0m$ tsc --emitDeclarationOnly
